<?xml version="1.0" encoding="UTF-8"?>
<!-- Generated by org.testng.reporters.JUnitXMLReporter -->
<testsuite hostname="Admin-PC" name="Default test" tests="3" failures="0" timestamp="25 Sep 2020 05:12:17 GMT" time="158.678" errors="0">
  <testcase name="home_Page" time="2.572" classname="com.Storyweaver.Testcases.TestCases"/>
  <testcase name="login_Page" time="17.841" classname="com.Storyweaver.Testcases.TestCases"/>
  <testcase name="create_Page" time="106.116" classname="com.Storyweaver.Testcases.TestCases"/>
</testsuite> <!-- Default test -->
